[0.007s] Invoking command in '/home/pluem/workspace_bot/bot_rosv1/build/bot_rosv1': CMAKE_PREFIX_PATH=${CMAKE_PREFIX_PATH}:/opt/ros/humble /usr/bin/cmake /home/pluem/workspace_bot/bot_rosv1/src -DCMAKE_INSTALL_PREFIX=/home/pluem/workspace_bot/bot_rosv1/install/bot_rosv1
[0.014s] -- Found ament_cmake: 1.3.9 (/opt/ros/humble/share/ament_cmake/cmake)
[0.090s] -- Found ament_lint_auto: 0.12.11 (/opt/ros/humble/share/ament_lint_auto/cmake)
[0.139s] -- Added test 'copyright' to check source files copyright and LICENSE
[0.140s] -- Added test 'flake8' to check Python code syntax and style conventions
[0.141s] -- Added test 'lint_cmake' to check CMake code style
[0.141s] -- Added test 'pep257' to check Python code against some of the docstring style conventions in PEP 257
[0.142s] -- Added test 'xmllint' to check XML markup files
[0.143s] -- Configuring done
[0.145s] -- Generating done
[0.145s] -- Build files have been written to: /home/pluem/workspace_bot/bot_rosv1/build/bot_rosv1
[0.148s] Invoked command in '/home/pluem/workspace_bot/bot_rosv1/build/bot_rosv1' returned '0': CMAKE_PREFIX_PATH=${CMAKE_PREFIX_PATH}:/opt/ros/humble /usr/bin/cmake /home/pluem/workspace_bot/bot_rosv1/src -DCMAKE_INSTALL_PREFIX=/home/pluem/workspace_bot/bot_rosv1/install/bot_rosv1
[0.149s] Invoking command in '/home/pluem/workspace_bot/bot_rosv1/build/bot_rosv1': CMAKE_PREFIX_PATH=${CMAKE_PREFIX_PATH}:/opt/ros/humble /usr/bin/cmake --build /home/pluem/workspace_bot/bot_rosv1/build/bot_rosv1 -- -j16 -l16
[0.171s] Invoked command in '/home/pluem/workspace_bot/bot_rosv1/build/bot_rosv1' returned '0': CMAKE_PREFIX_PATH=${CMAKE_PREFIX_PATH}:/opt/ros/humble /usr/bin/cmake --build /home/pluem/workspace_bot/bot_rosv1/build/bot_rosv1 -- -j16 -l16
[0.189s] Invoking command in '/home/pluem/workspace_bot/bot_rosv1/build/bot_rosv1': CMAKE_PREFIX_PATH=${CMAKE_PREFIX_PATH}:/opt/ros/humble /usr/bin/cmake --install /home/pluem/workspace_bot/bot_rosv1/build/bot_rosv1
[0.193s] -- Install configuration: ""
[0.193s] -- Installing: /home/pluem/workspace_bot/bot_rosv1/install/bot_rosv1/share/bot_rosv1/config
[0.193s] -- Installing: /home/pluem/workspace_bot/bot_rosv1/install/bot_rosv1/share/bot_rosv1/config/empty.yaml
[0.193s] -- Installing: /home/pluem/workspace_bot/bot_rosv1/install/bot_rosv1/share/bot_rosv1/description
[0.193s] -- Installing: /home/pluem/workspace_bot/bot_rosv1/install/bot_rosv1/share/bot_rosv1/description/robot.urdf.xacro
[0.193s] -- Installing: /home/pluem/workspace_bot/bot_rosv1/install/bot_rosv1/share/bot_rosv1/launch
[0.193s] -- Installing: /home/pluem/workspace_bot/bot_rosv1/install/bot_rosv1/share/bot_rosv1/launch/rsp.launch.py
[0.193s] -- Installing: /home/pluem/workspace_bot/bot_rosv1/install/bot_rosv1/share/bot_rosv1/worlds
[0.193s] -- Installing: /home/pluem/workspace_bot/bot_rosv1/install/bot_rosv1/share/bot_rosv1/worlds/empty.world
[0.194s] -- Installing: /home/pluem/workspace_bot/bot_rosv1/install/bot_rosv1/share/ament_index/resource_index/package_run_dependencies/bot_rosv1
[0.194s] -- Installing: /home/pluem/workspace_bot/bot_rosv1/install/bot_rosv1/share/ament_index/resource_index/parent_prefix_path/bot_rosv1
[0.194s] -- Installing: /home/pluem/workspace_bot/bot_rosv1/install/bot_rosv1/share/bot_rosv1/environment/ament_prefix_path.sh
[0.194s] -- Installing: /home/pluem/workspace_bot/bot_rosv1/install/bot_rosv1/share/bot_rosv1/environment/ament_prefix_path.dsv
[0.194s] -- Installing: /home/pluem/workspace_bot/bot_rosv1/install/bot_rosv1/share/bot_rosv1/environment/path.sh
[0.194s] -- Installing: /home/pluem/workspace_bot/bot_rosv1/install/bot_rosv1/share/bot_rosv1/environment/path.dsv
[0.194s] -- Installing: /home/pluem/workspace_bot/bot_rosv1/install/bot_rosv1/share/bot_rosv1/local_setup.bash
[0.194s] -- Installing: /home/pluem/workspace_bot/bot_rosv1/install/bot_rosv1/share/bot_rosv1/local_setup.sh
[0.194s] -- Installing: /home/pluem/workspace_bot/bot_rosv1/install/bot_rosv1/share/bot_rosv1/local_setup.zsh
[0.194s] -- Installing: /home/pluem/workspace_bot/bot_rosv1/install/bot_rosv1/share/bot_rosv1/local_setup.dsv
[0.194s] -- Installing: /home/pluem/workspace_bot/bot_rosv1/install/bot_rosv1/share/bot_rosv1/package.dsv
[0.194s] -- Installing: /home/pluem/workspace_bot/bot_rosv1/install/bot_rosv1/share/ament_index/resource_index/packages/bot_rosv1
[0.194s] -- Installing: /home/pluem/workspace_bot/bot_rosv1/install/bot_rosv1/share/bot_rosv1/cmake/bot_rosv1Config.cmake
[0.195s] -- Installing: /home/pluem/workspace_bot/bot_rosv1/install/bot_rosv1/share/bot_rosv1/cmake/bot_rosv1Config-version.cmake
[0.195s] -- Installing: /home/pluem/workspace_bot/bot_rosv1/install/bot_rosv1/share/bot_rosv1/package.xml
[0.195s] Invoked command in '/home/pluem/workspace_bot/bot_rosv1/build/bot_rosv1' returned '0': CMAKE_PREFIX_PATH=${CMAKE_PREFIX_PATH}:/opt/ros/humble /usr/bin/cmake --install /home/pluem/workspace_bot/bot_rosv1/build/bot_rosv1
