-- Install configuration: ""
-- Up-to-date: /home/pluem/workspace_bot/bot_rosv1/install/bot_rosv1/share/bot_rosv1/config
-- Up-to-date: /home/pluem/workspace_bot/bot_rosv1/install/bot_rosv1/share/bot_rosv1/config/empty.yaml
-- Up-to-date: /home/pluem/workspace_bot/bot_rosv1/install/bot_rosv1/share/bot_rosv1/description
-- Up-to-date: /home/pluem/workspace_bot/bot_rosv1/install/bot_rosv1/share/bot_rosv1/description/robot.urdf.xacro
-- Installing: /home/pluem/workspace_bot/bot_rosv1/install/bot_rosv1/share/bot_rosv1/description/robot_core.xacro
-- Up-to-date: /home/pluem/workspace_bot/bot_rosv1/install/bot_rosv1/share/bot_rosv1/launch
-- Up-to-date: /home/pluem/workspace_bot/bot_rosv1/install/bot_rosv1/share/bot_rosv1/launch/rsp.launch.py
-- Up-to-date: /home/pluem/workspace_bot/bot_rosv1/install/bot_rosv1/share/bot_rosv1/worlds
-- Up-to-date: /home/pluem/workspace_bot/bot_rosv1/install/bot_rosv1/share/bot_rosv1/worlds/empty.world
-- Up-to-date: /home/pluem/workspace_bot/bot_rosv1/install/bot_rosv1/share/ament_index/resource_index/package_run_dependencies/bot_rosv1
-- Up-to-date: /home/pluem/workspace_bot/bot_rosv1/install/bot_rosv1/share/ament_index/resource_index/parent_prefix_path/bot_rosv1
-- Up-to-date: /home/pluem/workspace_bot/bot_rosv1/install/bot_rosv1/share/bot_rosv1/environment/ament_prefix_path.sh
-- Up-to-date: /home/pluem/workspace_bot/bot_rosv1/install/bot_rosv1/share/bot_rosv1/environment/ament_prefix_path.dsv
-- Up-to-date: /home/pluem/workspace_bot/bot_rosv1/install/bot_rosv1/share/bot_rosv1/environment/path.sh
-- Up-to-date: /home/pluem/workspace_bot/bot_rosv1/install/bot_rosv1/share/bot_rosv1/environment/path.dsv
-- Up-to-date: /home/pluem/workspace_bot/bot_rosv1/install/bot_rosv1/share/bot_rosv1/local_setup.bash
-- Up-to-date: /home/pluem/workspace_bot/bot_rosv1/install/bot_rosv1/share/bot_rosv1/local_setup.sh
-- Up-to-date: /home/pluem/workspace_bot/bot_rosv1/install/bot_rosv1/share/bot_rosv1/local_setup.zsh
-- Up-to-date: /home/pluem/workspace_bot/bot_rosv1/install/bot_rosv1/share/bot_rosv1/local_setup.dsv
-- Installing: /home/pluem/workspace_bot/bot_rosv1/install/bot_rosv1/share/bot_rosv1/package.dsv
-- Up-to-date: /home/pluem/workspace_bot/bot_rosv1/install/bot_rosv1/share/ament_index/resource_index/packages/bot_rosv1
-- Up-to-date: /home/pluem/workspace_bot/bot_rosv1/install/bot_rosv1/share/bot_rosv1/cmake/bot_rosv1Config.cmake
-- Up-to-date: /home/pluem/workspace_bot/bot_rosv1/install/bot_rosv1/share/bot_rosv1/cmake/bot_rosv1Config-version.cmake
-- Up-to-date: /home/pluem/workspace_bot/bot_rosv1/install/bot_rosv1/share/bot_rosv1/package.xml
