[0.006s] Invoking command in '/home/pluem/workspace_bot/bot_rosv1/build/bot_rosv1': CMAKE_PREFIX_PATH=${CMAKE_PREFIX_PATH}:/opt/ros/humble /usr/bin/cmake --build /home/pluem/workspace_bot/bot_rosv1/build/bot_rosv1 -- -j16 -l16
[0.031s] Invoked command in '/home/pluem/workspace_bot/bot_rosv1/build/bot_rosv1' returned '0': CMAKE_PREFIX_PATH=${CMAKE_PREFIX_PATH}:/opt/ros/humble /usr/bin/cmake --build /home/pluem/workspace_bot/bot_rosv1/build/bot_rosv1 -- -j16 -l16
[0.049s] Invoking command in '/home/pluem/workspace_bot/bot_rosv1/build/bot_rosv1': CMAKE_PREFIX_PATH=${CMAKE_PREFIX_PATH}:/opt/ros/humble /usr/bin/cmake --install /home/pluem/workspace_bot/bot_rosv1/build/bot_rosv1
[0.054s] -- Install configuration: ""
[0.054s] -- Up-to-date: /home/pluem/workspace_bot/bot_rosv1/install/bot_rosv1/share/bot_rosv1/config
[0.054s] -- Up-to-date: /home/pluem/workspace_bot/bot_rosv1/install/bot_rosv1/share/bot_rosv1/config/empty.yaml
[0.054s] -- Up-to-date: /home/pluem/workspace_bot/bot_rosv1/install/bot_rosv1/share/bot_rosv1/description
[0.054s] -- Up-to-date: /home/pluem/workspace_bot/bot_rosv1/install/bot_rosv1/share/bot_rosv1/description/robot.urdf.xacro
[0.054s] -- Installing: /home/pluem/workspace_bot/bot_rosv1/install/bot_rosv1/share/bot_rosv1/description/robot_core.xacro
[0.054s] -- Up-to-date: /home/pluem/workspace_bot/bot_rosv1/install/bot_rosv1/share/bot_rosv1/launch
[0.054s] -- Up-to-date: /home/pluem/workspace_bot/bot_rosv1/install/bot_rosv1/share/bot_rosv1/launch/rsp.launch.py
[0.054s] -- Up-to-date: /home/pluem/workspace_bot/bot_rosv1/install/bot_rosv1/share/bot_rosv1/worlds
[0.054s] -- Up-to-date: /home/pluem/workspace_bot/bot_rosv1/install/bot_rosv1/share/bot_rosv1/worlds/empty.world
[0.054s] -- Up-to-date: /home/pluem/workspace_bot/bot_rosv1/install/bot_rosv1/share/ament_index/resource_index/package_run_dependencies/bot_rosv1
[0.055s] -- Up-to-date: /home/pluem/workspace_bot/bot_rosv1/install/bot_rosv1/share/ament_index/resource_index/parent_prefix_path/bot_rosv1
[0.055s] -- Up-to-date: /home/pluem/workspace_bot/bot_rosv1/install/bot_rosv1/share/bot_rosv1/environment/ament_prefix_path.sh
[0.055s] -- Up-to-date: /home/pluem/workspace_bot/bot_rosv1/install/bot_rosv1/share/bot_rosv1/environment/ament_prefix_path.dsv
[0.055s] -- Up-to-date: /home/pluem/workspace_bot/bot_rosv1/install/bot_rosv1/share/bot_rosv1/environment/path.sh
[0.055s] -- Up-to-date: /home/pluem/workspace_bot/bot_rosv1/install/bot_rosv1/share/bot_rosv1/environment/path.dsv
[0.056s] -- Up-to-date: /home/pluem/workspace_bot/bot_rosv1/install/bot_rosv1/share/bot_rosv1/local_setup.bash
[0.056s] -- Up-to-date: /home/pluem/workspace_bot/bot_rosv1/install/bot_rosv1/share/bot_rosv1/local_setup.sh
[0.056s] -- Up-to-date: /home/pluem/workspace_bot/bot_rosv1/install/bot_rosv1/share/bot_rosv1/local_setup.zsh
[0.056s] -- Up-to-date: /home/pluem/workspace_bot/bot_rosv1/install/bot_rosv1/share/bot_rosv1/local_setup.dsv
[0.056s] -- Installing: /home/pluem/workspace_bot/bot_rosv1/install/bot_rosv1/share/bot_rosv1/package.dsv
[0.056s] -- Up-to-date: /home/pluem/workspace_bot/bot_rosv1/install/bot_rosv1/share/ament_index/resource_index/packages/bot_rosv1
[0.056s] -- Up-to-date: /home/pluem/workspace_bot/bot_rosv1/install/bot_rosv1/share/bot_rosv1/cmake/bot_rosv1Config.cmake
[0.056s] -- Up-to-date: /home/pluem/workspace_bot/bot_rosv1/install/bot_rosv1/share/bot_rosv1/cmake/bot_rosv1Config-version.cmake
[0.056s] -- Up-to-date: /home/pluem/workspace_bot/bot_rosv1/install/bot_rosv1/share/bot_rosv1/package.xml
[0.057s] Invoked command in '/home/pluem/workspace_bot/bot_rosv1/build/bot_rosv1' returned '0': CMAKE_PREFIX_PATH=${CMAKE_PREFIX_PATH}:/opt/ros/humble /usr/bin/cmake --install /home/pluem/workspace_bot/bot_rosv1/build/bot_rosv1
