[0.005s] Invoking command in '/home/pluem/workspace_bot/bot_rosv1/build/my_bot': CMAKE_PREFIX_PATH=/opt/ros/humble /usr/bin/cmake /home/pluem/workspace_bot/bot_rosv1/src -DAMENT_CMAKE_SYMLINK_INSTALL=1 -DCMAKE_INSTALL_PREFIX=/home/pluem/workspace_bot/bot_rosv1/install/my_bot
[0.051s] -- The C compiler identification is GNU 11.4.0
[0.086s] -- The CXX compiler identification is GNU 11.4.0
[0.090s] -- Detecting C compiler ABI info
[0.130s] -- Detecting C compiler ABI info - done
[0.135s] -- Check for working C compiler: /usr/bin/cc - skipped
[0.135s] -- Detecting C compile features
[0.135s] -- Detecting C compile features - done
[0.137s] -- Detecting CXX compiler ABI info
[0.184s] -- Detecting CXX compiler ABI info - done
[0.189s] -- Check for working CXX compiler: /usr/bin/c++ - skipped
[0.189s] -- Detecting CXX compile features
[0.189s] -- Detecting CXX compile features - done
[0.190s] -- Found ament_cmake: 1.3.9 (/opt/ros/humble/share/ament_cmake/cmake)
[0.281s] -- Found Python3: /usr/bin/python3 (found version "3.10.12") found components: Interpreter 
[0.317s] -- Override CMake install command with custom implementation using symlinks instead of copying resources
[0.338s] -- Found ament_lint_auto: 0.12.11 (/opt/ros/humble/share/ament_lint_auto/cmake)
[0.385s] -- Added test 'copyright' to check source files copyright and LICENSE
[0.386s] -- Added test 'flake8' to check Python code syntax and style conventions
[0.387s] -- Added test 'lint_cmake' to check CMake code style
[0.387s] -- Added test 'pep257' to check Python code against some of the docstring style conventions in PEP 257
[0.388s] -- Added test 'xmllint' to check XML markup files
[0.389s] -- Configuring done
[0.390s] -- Generating done
[0.390s] -- Build files have been written to: /home/pluem/workspace_bot/bot_rosv1/build/my_bot
[0.394s] Invoked command in '/home/pluem/workspace_bot/bot_rosv1/build/my_bot' returned '0': CMAKE_PREFIX_PATH=/opt/ros/humble /usr/bin/cmake /home/pluem/workspace_bot/bot_rosv1/src -DAMENT_CMAKE_SYMLINK_INSTALL=1 -DCMAKE_INSTALL_PREFIX=/home/pluem/workspace_bot/bot_rosv1/install/my_bot
[0.394s] Invoking command in '/home/pluem/workspace_bot/bot_rosv1/build/my_bot': CMAKE_PREFIX_PATH=/opt/ros/humble /usr/bin/cmake --build /home/pluem/workspace_bot/bot_rosv1/build/my_bot -- -j16 -l16
[0.416s] Invoked command in '/home/pluem/workspace_bot/bot_rosv1/build/my_bot' returned '0': CMAKE_PREFIX_PATH=/opt/ros/humble /usr/bin/cmake --build /home/pluem/workspace_bot/bot_rosv1/build/my_bot -- -j16 -l16
[0.432s] Invoking command in '/home/pluem/workspace_bot/bot_rosv1/build/my_bot': CMAKE_PREFIX_PATH=/opt/ros/humble /usr/bin/cmake --install /home/pluem/workspace_bot/bot_rosv1/build/my_bot
[0.436s] -- Install configuration: ""
[0.437s] -- Execute custom install script
[0.437s] -- Symlinking: /home/pluem/workspace_bot/bot_rosv1/install/my_bot/share/my_bot/config/empty.yaml
[0.442s] -- Symlinking: /home/pluem/workspace_bot/bot_rosv1/install/my_bot/share/my_bot/description/robot.urdf.xacro
[0.447s] -- Symlinking: /home/pluem/workspace_bot/bot_rosv1/install/my_bot/share/my_bot/launch/rsp.launch.py
[0.453s] -- Symlinking: /home/pluem/workspace_bot/bot_rosv1/install/my_bot/share/my_bot/worlds/empty.world
[0.457s] -- Symlinking: /home/pluem/workspace_bot/bot_rosv1/install/my_bot/share/ament_index/resource_index/package_run_dependencies/my_bot
[0.462s] -- Symlinking: /home/pluem/workspace_bot/bot_rosv1/install/my_bot/share/ament_index/resource_index/parent_prefix_path/my_bot
[0.467s] -- Symlinking: /home/pluem/workspace_bot/bot_rosv1/install/my_bot/share/my_bot/environment/ament_prefix_path.sh
[0.471s] -- Symlinking: /home/pluem/workspace_bot/bot_rosv1/install/my_bot/share/my_bot/environment/ament_prefix_path.dsv
[0.476s] -- Symlinking: /home/pluem/workspace_bot/bot_rosv1/install/my_bot/share/my_bot/environment/path.sh
[0.481s] -- Symlinking: /home/pluem/workspace_bot/bot_rosv1/install/my_bot/share/my_bot/environment/path.dsv
[0.485s] -- Symlinking: /home/pluem/workspace_bot/bot_rosv1/install/my_bot/share/my_bot/local_setup.bash
[0.490s] -- Symlinking: /home/pluem/workspace_bot/bot_rosv1/install/my_bot/share/my_bot/local_setup.sh
[0.495s] -- Symlinking: /home/pluem/workspace_bot/bot_rosv1/install/my_bot/share/my_bot/local_setup.zsh
[0.499s] -- Symlinking: /home/pluem/workspace_bot/bot_rosv1/install/my_bot/share/my_bot/local_setup.dsv
[0.504s] -- Symlinking: /home/pluem/workspace_bot/bot_rosv1/install/my_bot/share/my_bot/package.dsv
[0.509s] -- Symlinking: /home/pluem/workspace_bot/bot_rosv1/install/my_bot/share/ament_index/resource_index/packages/my_bot
[0.514s] -- Symlinking: /home/pluem/workspace_bot/bot_rosv1/install/my_bot/share/my_bot/cmake/my_botConfig.cmake
[0.519s] -- Symlinking: /home/pluem/workspace_bot/bot_rosv1/install/my_bot/share/my_bot/cmake/my_botConfig-version.cmake
[0.523s] -- Symlinking: /home/pluem/workspace_bot/bot_rosv1/install/my_bot/share/my_bot/package.xml
[0.529s] Invoked command in '/home/pluem/workspace_bot/bot_rosv1/build/my_bot' returned '0': CMAKE_PREFIX_PATH=/opt/ros/humble /usr/bin/cmake --install /home/pluem/workspace_bot/bot_rosv1/build/my_bot
